<?xml version="1.0" encoding="UTF-8"?>
<testsuite xmlns:xsi="http://www.w3.org/2001/XMLSchema-instance" xsi:noNamespaceSchemaLocation="https://maven.apache.org/surefire/maven-surefire-plugin/xsd/surefire-test-report.xsd" name="com.example.calculator.grpc.CalculatorGrpcClientTest" time="1.484" tests="2" errors="0" skipped="1" failures="0">
  <properties>
[...]
</properties>
  <testcase name="testAdd" classname="com.example.calculator.grpc.CalculatorGrpcClientTest" time="0.195"/>
  <testcase name="testCompareImages" classname="com.example.calculator.grpc.CalculatorGrpcClientTest" time="0">
    <skipped message="Assumption failed: Python server is not running: Failed to perform image comparison" type="org.opentest4j.TestAbortedException">org.opentest4j.TestAbortedException: Assumption failed: Python server is not running: Failed to perform image comparison
	at com.example.calculator.grpc.CalculatorGrpcClientTest.testCompareImages(CalculatorGrpcClientTest.java:46)
</skipped>
    <system-out><![CDATA[&amp#27;[2m2025-04-08 11:25:24.243&amp#27;[0;39m &amp#27;[32m INFO&amp#27;[0;39m &amp#27;[35m61770&amp#27;[0;39m &amp#27;[2m---&amp#27;[0;39m &amp#27;[2m[           main]&amp#27;[0;39m &amp#27;[36mc.e.c.grpc.CalculatorGrpcClient         &amp#27;[0;39m &amp#27;[2m:&amp#27;[0;39m Sending image comparison request for images: uploads/test1.jpg and uploads/test2.jpg
&amp#27;[2m2025-04-08 11:25:24.244&amp#27;[0;39m &amp#27;[32mDEBUG&amp#27;[0;39m &amp#27;[35m61770&amp#27;[0;39m &amp#27;[2m---&amp#27;[0;39m &amp#27;[2m[           main]&amp#27;[0;39m &amp#27;[36mi.g.o.internal.framed.Http2$FrameLogger &amp#27;[0;39m &amp#27;[2m:&amp#27;[0;39m >> 0x00000005    69 HEADERS       END_HEADERS
&amp#27;[2m2025-04-08 11:25:24.246&amp#27;[0;39m &amp#27;[32mDEBUG&amp#27;[0;39m &amp#27;[35m61770&amp#27;[0;39m &amp#27;[2m---&amp#27;[0;39m &amp#27;[2m[           main]&amp#27;[0;39m &amp#27;[36mio.grpc.okhttp.OkHttpClientTransport    &amp#27;[0;39m &amp#27;[2m:&amp#27;[0;39m OUTBOUND DATA: streamId=5 endStream=true length=43 bytes=00000000260a1175706c6f6164732f74657374312e6a7067121175706c6f6164732f74657374322e6a7067
&amp#27;[2m2025-04-08 11:25:24.246&amp#27;[0;39m &amp#27;[32mDEBUG&amp#27;[0;39m &amp#27;[35m61770&amp#27;[0;39m &amp#27;[2m---&amp#27;[0;39m &amp#27;[2m[           main]&amp#27;[0;39m &amp#27;[36mi.g.o.internal.framed.Http2$FrameLogger &amp#27;[0;39m &amp#27;[2m:&amp#27;[0;39m >> 0x00000005    43 DATA          END_STREAM
&amp#27;[2m2025-04-08 11:25:24.251&amp#27;[0;39m &amp#27;[32mDEBUG&amp#27;[0;39m &amp#27;[35m61770&amp#27;[0;39m &amp#27;[2m---&amp#27;[0;39m &amp#27;[2m[ClientTransport]&amp#27;[0;39m &amp#27;[36mi.g.o.internal.framed.Http2$FrameLogger &amp#27;[0;39m &amp#27;[2m:&amp#27;[0;39m << 0x00000005     3 HEADERS       END_HEADERS
&amp#27;[2m2025-04-08 11:25:24.251&amp#27;[0;39m &amp#27;[32mDEBUG&amp#27;[0;39m &amp#27;[35m61770&amp#27;[0;39m &amp#27;[2m---&amp#27;[0;39m &amp#27;[2m[ClientTransport]&amp#27;[0;39m &amp#27;[36mio.grpc.okhttp.OkHttpClientTransport    &amp#27;[0;39m &amp#27;[2m:&amp#27;[0;39m INBOUND HEADERS: streamId=5 headers=[:status: 200, content-type: application/grpc, grpc-accept-encoding: identity, deflate, gzip] endStream=false
&amp#27;[2m2025-04-08 11:25:24.251&amp#27;[0;39m &amp#27;[32mDEBUG&amp#27;[0;39m &amp#27;[35m61770&amp#27;[0;39m &amp#27;[2m---&amp#27;[0;39m &amp#27;[2m[ClientTransport]&amp#27;[0;39m &amp#27;[36mi.g.o.internal.framed.Http2$FrameLogger &amp#27;[0;39m &amp#27;[2m:&amp#27;[0;39m << 0x00000005     5 DATA          
&amp#27;[2m2025-04-08 11:25:24.251&amp#27;[0;39m &amp#27;[32mDEBUG&amp#27;[0;39m &amp#27;[35m61770&amp#27;[0;39m &amp#27;[2m---&amp#27;[0;39m &amp#27;[2m[ClientTransport]&amp#27;[0;39m &amp#27;[36mio.grpc.okhttp.OkHttpClientTransport    &amp#27;[0;39m &amp#27;[2m:&amp#27;[0;39m INBOUND DATA: streamId=5 endStream=false length=5 bytes=0000000000000080010500000005400b677270632d737461747573023133000c677270632d6d65737361676561496e76616c69642055524c202775706c6f6164...
&amp#27;[2m2025-04-08 11:25:24.251&amp#27;[0;39m &amp#27;[32mDEBUG&amp#27;[0;39m &amp#27;[35m61770&amp#27;[0;39m &amp#27;[2m---&amp#27;[0;39m &amp#27;[2m[ClientTransport]&amp#27;[0;39m &amp#27;[36mi.g.o.internal.framed.Http2$FrameLogger &amp#27;[0;39m &amp#27;[2m:&amp#27;[0;39m << 0x00000005   128 HEADERS       END_STREAM|END_HEADERS
&amp#27;[2m2025-04-08 11:25:24.251&amp#27;[0;39m &amp#27;[32mDEBUG&amp#27;[0;39m &amp#27;[35m61770&amp#27;[0;39m &amp#27;[2m---&amp#27;[0;39m &amp#27;[2m[ClientTransport]&amp#27;[0;39m &amp#27;[36mio.grpc.okhttp.OkHttpClientTransport    &amp#27;[0;39m &amp#27;[2m:&amp#27;[0;39m INBOUND HEADERS: streamId=5 headers=[grpc-status: 13, grpc-message: Invalid URL 'uploads/test1.jpg': No scheme supplied. Perhaps you meant https://uploads/test1.jpg?] endStream=true
&amp#27;[2m2025-04-08 11:25:24.252&amp#27;[0;39m &amp#27;[32mDEBUG&amp#27;[0;39m &amp#27;[35m61770&amp#27;[0;39m &amp#27;[2m---&amp#27;[0;39m &amp#27;[2m[ClientTransport]&amp#27;[0;39m &amp#27;[36mi.g.o.internal.framed.Http2$FrameLogger &amp#27;[0;39m &amp#27;[2m:&amp#27;[0;39m << 0x00000000     4 WINDOW_UPDATE 
&amp#27;[2m2025-04-08 11:25:24.252&amp#27;[0;39m &amp#27;[32mDEBUG&amp#27;[0;39m &amp#27;[35m61770&amp#27;[0;39m &amp#27;[2m---&amp#27;[0;39m &amp#27;[2m[ClientTransport]&amp#27;[0;39m &amp#27;[36mio.grpc.okhttp.OkHttpClientTransport    &amp#27;[0;39m &amp#27;[2m:&amp#27;[0;39m INBOUND WINDOW_UPDATE: streamId=0 windowSizeIncrement=43
&amp#27;[2m2025-04-08 11:25:24.253&amp#27;[0;39m &amp#27;[31mERROR&amp#27;[0;39m &amp#27;[35m61770&amp#27;[0;39m &amp#27;[2m---&amp#27;[0;39m &amp#27;[2m[           main]&amp#27;[0;39m &amp#27;[36mc.e.c.grpc.CalculatorGrpcClient         &amp#27;[0;39m &amp#27;[2m:&amp#27;[0;39m Error in image comparison operation

io.grpc.StatusRuntimeException: INTERNAL: Invalid URL 'uploads/test1.jpg': No scheme supplied. Perhaps you meant https://uploads/test1.jpg?
	at io.grpc.stub.ClientCalls.toStatusRuntimeException(ClientCalls.java:262) ~[grpc-stub-1.42.2.jar:1.42.2]
	at io.grpc.stub.ClientCalls.getUnchecked(ClientCalls.java:243) ~[grpc-stub-1.42.2.jar:1.42.2]
	at io.grpc.stub.ClientCalls.blockingUnaryCall(ClientCalls.java:156) ~[grpc-stub-1.42.2.jar:1.42.2]
	at com.example.calculator.grpc.CalculatorServiceGrpc$CalculatorServiceBlockingStub.compareImages(CalculatorServiceGrpc.java:247) ~[classes/:na]
	at com.example.calculator.grpc.CalculatorGrpcClient.compareImages(CalculatorGrpcClient.java:68) ~[classes/:na]
	at com.example.calculator.grpc.CalculatorGrpcClientTest.testCompareImages(CalculatorGrpcClientTest.java:40) ~[test-classes/:na]
	at java.base/jdk.internal.reflect.DirectMethodHandleAccessor.invoke(DirectMethodHandleAccessor.java:103) ~[na:na]
	at java.base/java.lang.reflect.Method.invoke(Method.java:580) ~[na:na]
	at org.junit.platform.commons.util.ReflectionUtils.invokeMethod(ReflectionUtils.java:725) ~[junit-platform-commons-1.8.2.jar:1.8.2]
	at org.junit.jupiter.engine.execution.MethodInvocation.proceed(MethodInvocation.java:60) ~[junit-jupiter-engine-5.8.2.jar:5.8.2]
	at org.junit.jupiter.engine.execution.InvocationInterceptorChain$ValidatingInvocation.proceed(InvocationInterceptorChain.java:131) ~[junit-jupiter-engine-5.8.2.jar:5.8.2]
	at org.junit.jupiter.engine.extension.TimeoutExtension.intercept(TimeoutExtension.java:149) ~[junit-jupiter-engine-5.8.2.jar:5.8.2]
	at org.junit.jupiter.engine.extension.TimeoutExtension.interceptTestableMethod(TimeoutExtension.java:140) ~[junit-jupiter-engine-5.8.2.jar:5.8.2]
	at org.junit.jupiter.engine.extension.TimeoutExtension.interceptTestMethod(TimeoutExtension.java:84) ~[junit-jupiter-engine-5.8.2.jar:5.8.2]
	at org.junit.jupiter.engine.execution.ExecutableInvoker$ReflectiveInterceptorCall.lambda$ofVoidMethod$0(ExecutableInvoker.java:115) ~[junit-jupiter-engine-5.8.2.jar:5.8.2]
	at org.junit.jupiter.engine.execution.ExecutableInvoker.lambda$invoke$0(ExecutableInvoker.java:105) ~[junit-jupiter-engine-5.8.2.jar:5.8.2]
	at org.junit.jupiter.engine.execution.InvocationInterceptorChain$InterceptedInvocation.proceed(InvocationInterceptorChain.java:106) ~[junit-jupiter-engine-5.8.2.jar:5.8.2]
	at org.junit.jupiter.engine.execution.InvocationInterceptorChain.proceed(InvocationInterceptorChain.java:64) ~[junit-jupiter-engine-5.8.2.jar:5.8.2]
	at org.junit.jupiter.engine.execution.InvocationInterceptorChain.chainAndInvoke(InvocationInterceptorChain.java:45) ~[junit-jupiter-engine-5.8.2.jar:5.8.2]
	at org.junit.jupiter.engine.execution.InvocationInterceptorChain.invoke(InvocationInterceptorChain.java:37) ~[junit-jupiter-engine-5.8.2.jar:5.8.2]
	at org.junit.jupiter.engine.execution.ExecutableInvoker.invoke(ExecutableInvoker.java:104) ~[junit-jupiter-engine-5.8.2.jar:5.8.2]
	at org.junit.jupiter.engine.execution.ExecutableInvoker.invoke(ExecutableInvoker.java:98) ~[junit-jupiter-engine-5.8.2.jar:5.8.2]
	at org.junit.jupiter.engine.descriptor.TestMethodTestDescriptor.lambda$invokeTestMethod$7(TestMethodTestDescriptor.java:214) ~[junit-jupiter-engine-5.8.2.jar:5.8.2]
	at org.junit.platform.engine.support.hierarchical.ThrowableCollector.execute(ThrowableCollector.java:73) ~[junit-platform-engine-1.8.2.jar:1.8.2]
	at org.junit.jupiter.engine.descriptor.TestMethodTestDescriptor.invokeTestMethod(TestMethodTestDescriptor.java:210) ~[junit-jupiter-engine-5.8.2.jar:5.8.2]
	at org.junit.jupiter.engine.descriptor.TestMethodTestDescriptor.execute(TestMethodTestDescriptor.java:135) ~[junit-jupiter-engine-5.8.2.jar:5.8.2]
	at org.junit.jupiter.engine.descriptor.TestMethodTestDescriptor.execute(TestMethodTestDescriptor.java:66) ~[junit-jupiter-engine-5.8.2.jar:5.8.2]
	at org.junit.platform.engine.support.hierarchical.NodeTestTask.lambda$executeRecursively$6(NodeTestTask.java:151) ~[junit-platform-engine-1.8.2.jar:1.8.2]
	at org.junit.platform.engine.support.hierarchical.ThrowableCollector.execute(ThrowableCollector.java:73) ~[junit-platform-engine-1.8.2.jar:1.8.2]
	at org.junit.platform.engine.support.hierarchical.NodeTestTask.lambda$executeRecursively$8(NodeTestTask.java:141) ~[junit-platform-engine-1.8.2.jar:1.8.2]
	at org.junit.platform.engine.support.hierarchical.Node.around(Node.java:137) ~[junit-platform-engine-1.8.2.jar:1.8.2]
	at org.junit.platform.engine.support.hierarchical.NodeTestTask.lambda$executeRecursively$9(NodeTestTask.java:139) ~[junit-platform-engine-1.8.2.jar:1.8.2]
	at org.junit.platform.engine.support.hierarchical.ThrowableCollector.execute(ThrowableCollector.java:73) ~[junit-platform-engine-1.8.2.jar:1.8.2]
	at org.junit.platform.engine.support.hierarchical.NodeTestTask.executeRecursively(NodeTestTask.java:138) ~[junit-platform-engine-1.8.2.jar:1.8.2]
	at org.junit.platform.engine.support.hierarchical.NodeTestTask.execute(NodeTestTask.java:95) ~[junit-platform-engine-1.8.2.jar:1.8.2]
	at java.base/java.util.ArrayList.forEach(ArrayList.java:1597) ~[na:na]
	at org.junit.platform.engine.support.hierarchical.SameThreadHierarchicalTestExecutorService.invokeAll(SameThreadHierarchicalTestExecutorService.java:41) ~[junit-platform-engine-1.8.2.jar:1.8.2]
	at org.junit.platform.engine.support.hierarchical.NodeTestTask.lambda$executeRecursively$6(NodeTestTask.java:155) ~[junit-platform-engine-1.8.2.jar:1.8.2]
	at org.junit.platform.engine.support.hierarchical.ThrowableCollector.execute(ThrowableCollector.java:73) ~[junit-platform-engine-1.8.2.jar:1.8.2]
	at org.junit.platform.engine.support.hierarchical.NodeTestTask.lambda$executeRecursively$8(NodeTestTask.java:141) ~[junit-platform-engine-1.8.2.jar:1.8.2]
	at org.junit.platform.engine.support.hierarchical.Node.around(Node.java:137) ~[junit-platform-engine-1.8.2.jar:1.8.2]
	at org.junit.platform.engine.support.hierarchical.NodeTestTask.lambda$executeRecursively$9(NodeTestTask.java:139) ~[junit-platform-engine-1.8.2.jar:1.8.2]
	at org.junit.platform.engine.support.hierarchical.ThrowableCollector.execute(ThrowableCollector.java:73) ~[junit-platform-engine-1.8.2.jar:1.8.2]
	at org.junit.platform.engine.support.hierarchical.NodeTestTask.executeRecursively(NodeTestTask.java:138) ~[junit-platform-engine-1.8.2.jar:1.8.2]
	at org.junit.platform.engine.support.hierarchical.NodeTestTask.execute(NodeTestTask.java:95) ~[junit-platform-engine-1.8.2.jar:1.8.2]
	at java.base/java.util.ArrayList.forEach(ArrayList.java:1597) ~[na:na]
	at org.junit.platform.engine.support.hierarchical.SameThreadHierarchicalTestExecutorService.invokeAll(SameThreadHierarchicalTestExecutorService.java:41) ~[junit-platform-engine-1.8.2.jar:1.8.2]
	at org.junit.platform.engine.support.hierarchical.NodeTestTask.lambda$executeRecursively$6(NodeTestTask.java:155) ~[junit-platform-engine-1.8.2.jar:1.8.2]
	at org.junit.platform.engine.support.hierarchical.ThrowableCollector.execute(ThrowableCollector.java:73) ~[junit-platform-engine-1.8.2.jar:1.8.2]
	at org.junit.platform.engine.support.hierarchical.NodeTestTask.lambda$executeRecursively$8(NodeTestTask.java:141) ~[junit-platform-engine-1.8.2.jar:1.8.2]
	at org.junit.platform.engine.support.hierarchical.Node.around(Node.java:137) ~[junit-platform-engine-1.8.2.jar:1.8.2]
	at org.junit.platform.engine.support.hierarchical.NodeTestTask.lambda$executeRecursively$9(NodeTestTask.java:139) ~[junit-platform-engine-1.8.2.jar:1.8.2]
	at org.junit.platform.engine.support.hierarchical.ThrowableCollector.execute(ThrowableCollector.java:73) ~[junit-platform-engine-1.8.2.jar:1.8.2]
	at org.junit.platform.engine.support.hierarchical.NodeTestTask.executeRecursively(NodeTestTask.java:138) ~[junit-platform-engine-1.8.2.jar:1.8.2]
	at org.junit.platform.engine.support.hierarchical.NodeTestTask.execute(NodeTestTask.java:95) ~[junit-platform-engine-1.8.2.jar:1.8.2]
	at org.junit.platform.engine.support.hierarchical.SameThreadHierarchicalTestExecutorService.submit(SameThreadHierarchicalTestExecutorService.java:35) ~[junit-platform-engine-1.8.2.jar:1.8.2]
	at org.junit.platform.engine.support.hierarchical.HierarchicalTestExecutor.execute(HierarchicalTestExecutor.java:57) ~[junit-platform-engine-1.8.2.jar:1.8.2]
	at org.junit.platform.engine.support.hierarchical.HierarchicalTestEngine.execute(HierarchicalTestEngine.java:54) ~[junit-platform-engine-1.8.2.jar:1.8.2]
	at org.junit.platform.launcher.core.DefaultLauncher.execute(DefaultLauncher.java:220) ~[junit-platform-launcher-1.3.1.jar:1.3.1]
	at org.junit.platform.launcher.core.DefaultLauncher.lambda$execute$6(DefaultLauncher.java:188) ~[junit-platform-launcher-1.3.1.jar:1.3.1]
	at org.junit.platform.launcher.core.DefaultLauncher.withInterceptedStreams(DefaultLauncher.java:202) ~[junit-platform-launcher-1.3.1.jar:1.3.1]
	at org.junit.platform.launcher.core.DefaultLauncher.execute(DefaultLauncher.java:181) ~[junit-platform-launcher-1.3.1.jar:1.3.1]
	at org.junit.platform.launcher.core.DefaultLauncher.execute(DefaultLauncher.java:128) ~[junit-platform-launcher-1.3.1.jar:1.3.1]
	at org.apache.maven.surefire.junitplatform.JUnitPlatformProvider.invokeAllTests(JUnitPlatformProvider.java:150) ~[surefire-junit-platform-2.22.2.jar:2.22.2]
	at org.apache.maven.surefire.junitplatform.JUnitPlatformProvider.invoke(JUnitPlatformProvider.java:124) ~[surefire-junit-platform-2.22.2.jar:2.22.2]
	at org.apache.maven.surefire.booter.ForkedBooter.invokeProviderInSameClassLoader(ForkedBooter.java:384) ~[surefire-booter-2.22.2.jar:2.22.2]
	at org.apache.maven.surefire.booter.ForkedBooter.runSuitesInProcess(ForkedBooter.java:345) ~[surefire-booter-2.22.2.jar:2.22.2]
	at org.apache.maven.surefire.booter.ForkedBooter.execute(ForkedBooter.java:126) ~[surefire-booter-2.22.2.jar:2.22.2]
	at org.apache.maven.surefire.booter.ForkedBooter.main(ForkedBooter.java:418) ~[surefire-booter-2.22.2.jar:2.22.2]

]]></system-out>
  </testcase>
</testsuite>